{
  "RSpec": {
    "coverage": {
      "/Users/macbook/Desktop/Makers/bookmark_manager/spec/bookmark_spec.rb": [
        1,
        null,
        1,
        null,
        1,
        1,
        1,
        null,
        null,
        1,
        1,
        1,
        null,
        1,
        1,
        1,
        1,
        null,
        null,
        null,
        1,
        1,
        1,
        1,
        null,
        null,
        null
      ],
      "/Users/macbook/Desktop/Makers/bookmark_manager/spec/features/creating_bookmarks_spec.rb": [
        1,
        1,
        1,
        1,
        1,
        null,
        1,
        null,
        null,
        null,
        null,
        null,
        null,
        null,
        null,
        null
      ],
      "/Users/macbook/Desktop/Makers/bookmark_manager/spec/features/home_page_spec.rb": [
        null,
        1,
        1,
        1,
        1,
        null,
        null
      ],
      "/Users/macbook/Desktop/Makers/bookmark_manager/spec/features/viewing_bookmarks_spec.rb": [
        1,
        null,
        1,
        1,
        null,
        null,
        null,
        null,
        null,
        1,
        1,
        1,
        null,
        1,
        1,
        1,
        1,
        1,
        null,
        null
      ]
    },
    "timestamp": 1538055039
  }
}
